TN:
SF:src/PAMM.sol
DA:18,1610
FN:18,ERC6909Minimal.transfer
FNDA:1610,ERC6909Minimal.transfer
DA:19,1610
DA:21,1610
DA:23,1610
DA:24,0
DA:27,6
FN:27,ERC6909Minimal.approve
FNDA:6,ERC6909Minimal.approve
DA:28,6
DA:29,6
DA:30,6
DA:33,8
FN:33,ERC6909Minimal.setOperator
FNDA:8,ERC6909Minimal.setOperator
DA:34,8
DA:35,8
DA:36,8
DA:39,2
FN:39,ERC6909Minimal.supportsInterface
FNDA:2,ERC6909Minimal.supportsInterface
DA:40,2
DA:43,9164
FN:43,ERC6909Minimal._mint
FNDA:9164,ERC6909Minimal._mint
DA:45,9164
DA:47,9164
DA:50,2445
FN:50,ERC6909Minimal._burn
FNDA:2445,ERC6909Minimal._burn
DA:51,2445
DA:52,2445
DA:239,260
FN:239,PAMM.name
FNDA:260,PAMM.name
DA:240,260
DA:244,4
FN:244,PAMM.symbol
FNDA:4,PAMM.symbol
DA:245,4
DA:250,6
FN:250,PAMM.tokenURI
FNDA:6,PAMM.tokenURI
DA:251,6
DA:254,6
BRDA:254,0,0,3
DA:255,3
DA:256,3
DA:270,3
BRDA:270,1,0,2
DA:272,1
DA:276,263
FN:276,PAMM._toString
FNDA:263,PAMM._toString
DA:278,0
DA:279,0
DA:280,0
DA:281,0
DA:282,0
DA:283,0
DA:284,0
DA:285,0
DA:286,0
DA:287,0
BRDA:287,2,0,-
DA:289,0
DA:290,0
DA:291,0
DA:302,4843
FN:302,PAMM.transferFrom
FNDA:4843,PAMM.transferFrom
DA:307,4843
BRDA:307,3,0,11
DA:308,11
BRDA:308,4,0,4
DA:309,4
DA:310,4
BRDA:310,5,0,3
DA:311,3
DA:315,4842
DA:317,4842
DA:319,4843
DA:320,0
DA:330,9
FN:330,PAMM.multicall
FNDA:9,PAMM.multicall
DA:331,9
DA:332,9
DA:333,15
DA:334,15
BRDA:334,6,0,1
DA:336,0
DA:339,14
DA:355,7
FN:355,PAMM.permit
FNDA:7,PAMM.permit
DA:366,0
DA:367,0
DA:368,0
DA:369,0
DA:370,0
DA:371,0
DA:372,0
DA:373,0
DA:374,0
DA:375,0
BRDA:375,7,0,-
DA:376,0
DA:377,0
DA:391,9
FN:391,PAMM.permitDAI
FNDA:9,PAMM.permitDAI
DA:403,0
DA:404,0
DA:405,0
DA:406,0
DA:407,0
DA:408,0
DA:409,0
DA:410,0
DA:411,0
DA:412,0
DA:413,0
BRDA:413,8,0,-
DA:414,0
DA:415,0
DA:426,426
FN:426,PAMM.nonReentrant
FNDA:426,PAMM.nonReentrant
DA:428,0
BRDA:428,9,0,-
DA:429,0
DA:430,0
DA:432,0
DA:436,0
DA:445,1152
FN:445,PAMM.getMarketId
FNDA:1152,PAMM.getMarketId
DA:450,1152
DA:456,9816
FN:456,PAMM.getNoId
FNDA:9816,PAMM.getNoId
DA:457,9816
DA:472,1142
FN:472,PAMM.createMarket
FNDA:1142,PAMM.createMarket
DA:479,1142
DA:495,13
FN:495,PAMM.createMarketAndSeed
FNDA:13,PAMM.createMarketAndSeed
DA:507,13
DA:508,13
DA:514,1155
FN:514,PAMM._createMarket
FNDA:1155,PAMM._createMarket
DA:521,1155
BRDA:521,10,0,2
DA:522,1153
BRDA:522,11,0,2
DA:524,1151
DA:525,1151
BRDA:525,12,0,542
BRDA:525,12,1,-
DA:526,542
DA:528,609
BRDA:528,13,0,609
DA:529,608
DA:530,1
BRDA:530,13,1,1
DA:531,1
DA:534,1150
BRDA:534,14,0,-
DA:536,1150
DA:537,1150
BRDA:537,15,0,2
DA:539,1148
DA:541,1148
DA:552,1148
DA:553,1148
DA:555,1148
DA:559,5
FN:559,PAMM.closeMarket
FNDA:5,PAMM.closeMarket
DA:560,5
DA:561,5
BRDA:561,16,0,-
DA:562,5
BRDA:562,17,0,1
DA:563,4
BRDA:563,18,0,1
DA:564,0
BRDA:564,19,0,-
DA:565,3
BRDA:565,20,0,1
DA:567,2
DA:568,2
DA:572,561
FN:572,PAMM.resolve
FNDA:561,PAMM.resolve
DA:573,561
DA:574,561
BRDA:574,21,0,-
DA:575,561
BRDA:575,22,0,1
DA:576,1
BRDA:576,23,0,1
DA:577,559
BRDA:577,24,0,1
DA:579,558
DA:580,558
DA:582,558
DA:587,269
FN:587,PAMM.setResolverFeeBps
FNDA:269,PAMM.setResolverFeeBps
DA:588,269
BRDA:588,25,0,1
DA:589,268
DA:590,268
DA:599,1920
FN:599,PAMM.split
FNDA:1920,PAMM.split
DA:605,1920
BRDA:605,26,0,1
DA:607,1919
DA:608,1919
BRDA:608,27,0,2
DA:609,1917
BRDA:609,28,0,2
DA:611,1915
DA:612,1915
DA:613,1915
DA:615,1915
BRDA:615,29,0,273
BRDA:615,29,1,1
DA:616,273
BRDA:616,30,0,1
DA:617,272
DA:619,1642
BRDA:619,31,0,1
DA:620,1641
BRDA:620,32,0,1
DA:621,1640
DA:622,1640
DA:625,1912
DA:626,1912
BRDA:626,33,0,2
DA:628,1910
DA:629,1910
DA:631,1910
DA:634,1910
BRDA:634,34,0,1457
DA:635,0
BRDA:635,35,0,241
BRDA:635,35,1,1216
DA:636,241
DA:638,1216
DA:642,1910
DA:644,1910
DA:645,1910
DA:646,1910
DA:647,1910
DA:648,1910
DA:650,1910
DA:655,426
FN:655,PAMM.merge
FNDA:426,PAMM.merge
DA:660,426
BRDA:660,36,0,1
DA:661,425
BRDA:661,37,0,1
DA:663,424
DA:664,424
BRDA:664,38,0,-
DA:665,424
BRDA:665,39,0,2
DA:667,422
DA:668,422
DA:669,422
DA:671,422
DA:672,422
BRDA:672,40,0,3
DA:673,422
BRDA:673,41,0,1
DA:674,422
BRDA:674,42,0,1
DA:676,421
DA:677,421
DA:679,421
DA:680,421
DA:683,421
DA:684,421
DA:686,421
DA:687,421
BRDA:687,43,0,3
BRDA:687,43,1,418
DA:688,3
DA:690,418
DA:693,421
DA:697,532
FN:697,PAMM.claim
FNDA:532,PAMM.claim
DA:702,532
BRDA:702,44,0,1
DA:703,531
DA:704,531
BRDA:704,45,0,-
DA:705,531
BRDA:705,46,0,1
DA:706,530
DA:707,529
BRDA:707,47,0,3
DA:714,5
FN:714,PAMM.claimMany
FNDA:5,PAMM.claimMany
DA:719,5
BRDA:719,48,0,1
DA:720,4
DA:721,6
DA:722,6
BRDA:722,49,0,-
DA:723,6
BRDA:723,50,0,1
DA:724,5
DA:725,5
DA:727,4
BRDA:727,51,0,1
DA:731,535
FN:731,PAMM._claimCore
FNDA:535,PAMM._claimCore
DA:735,535
DA:736,535
DA:737,535
DA:738,535
BRDA:738,52,0,4
DA:740,531
DA:741,531
DA:742,531
DA:743,531
DA:745,531
DA:747,531
DA:749,531
DA:751,531
DA:752,531
BRDA:752,53,0,8
BRDA:752,53,1,239
DA:753,8
BRDA:753,54,0,2
DA:754,8
DA:756,523
BRDA:756,55,0,239
DA:757,523
DA:760,531
DA:768,533
FN:768,PAMM._pullToThis
FNDA:533,PAMM._pullToThis
DA:769,533
DA:771,531
DA:773,531
DA:777,27
FN:777,PAMM.poolKey
FNDA:27,PAMM.poolKey
DA:782,27
DA:786,3236
FN:786,PAMM._poolKey
FNDA:3236,PAMM._poolKey
DA:791,3236
DA:792,2973
DA:807,1627
FN:807,PAMM.splitAndAddLiquidity
FNDA:1627,PAMM.splitAndAddLiquidity
DA:817,1627
DA:823,1637
FN:823,PAMM._splitAndAddLiquidity
FNDA:1637,PAMM._splitAndAddLiquidity
DA:833,1637
BRDA:833,56,0,2
DA:835,1635
DA:836,1635
BRDA:836,57,0,-
DA:837,1635
BRDA:837,58,0,1
DA:839,1634
DA:841,1629
DA:842,1634
DA:843,1629
DA:844,1629
DA:846,1629
DA:847,1629
DA:848,1629
BRDA:848,59,0,2
DA:850,1627
DA:851,1627
DA:855,2679
FN:855,PAMM._splitInternal
FNDA:2679,PAMM._splitInternal
DA:859,2679
DA:860,2679
DA:862,2679
BRDA:862,60,0,274
BRDA:862,60,1,1
DA:863,274
BRDA:863,61,0,1
DA:864,273
DA:866,2405
BRDA:866,62,0,1
DA:867,2404
BRDA:867,63,0,1
DA:868,2403
DA:869,2403
DA:872,2676
DA:873,2676
BRDA:873,64,0,4
DA:875,2672
DA:876,2672
DA:878,2672
BRDA:878,65,0,1449
DA:879,1449
BRDA:879,66,0,241
BRDA:879,66,1,1208
DA:880,241
DA:882,1208
DA:886,2672
DA:888,2672
DA:889,2672
DA:890,2672
DA:891,2672
DA:892,2672
DA:894,2672
DA:908,10
FN:908,PAMM.removeLiquidityToCollateral
FNDA:10,PAMM.removeLiquidityToCollateral
DA:918,10
BRDA:918,67,0,1
DA:919,9
BRDA:919,68,0,1
DA:921,8
DA:922,8
BRDA:922,69,0,1
DA:923,7
BRDA:923,70,0,1
DA:925,6
DA:926,6
DA:929,6
DA:931,6
DA:933,5
DA:934,5
DA:935,5
DA:938,5
DA:939,5
DA:942,5
DA:943,1
DA:945,1
DA:946,1
DA:949,1
DA:950,5
BRDA:950,71,0,1
DA:951,4
DA:954,4
BRDA:954,72,0,1
BRDA:954,72,1,3
DA:955,1
DA:957,3
DA:961,4
DA:962,4
DA:963,4
BRDA:963,73,0,-
DA:964,0
DA:966,0
DA:968,0
DA:970,4
BRDA:970,74,0,1
DA:971,1
DA:973,1
DA:975,1
DA:978,4
DA:993,531
FN:993,PAMM.buyYes
FNDA:531,PAMM.buyYes
DA:1002,531
BRDA:1002,75,0,1
DA:1003,530
BRDA:1003,76,0,1
DA:1005,529
DA:1006,529
BRDA:1006,77,0,1
DA:1007,528
BRDA:1007,78,0,1
DA:1010,527
DA:1013,526
DA:1014,526
DA:1015,526
DA:1017,526
DA:1018,526
DA:1019,526
DA:1020,526
DA:1021,526
DA:1024,526
DA:1025,526
BRDA:1025,79,0,1
DA:1028,525
DA:1030,525
DA:1032,525
DA:1043,522
FN:1043,PAMM.buyNo
FNDA:522,PAMM.buyNo
DA:1052,522
BRDA:1052,80,0,1
DA:1053,521
BRDA:1053,81,0,1
DA:1055,520
DA:1056,520
BRDA:1056,82,0,1
DA:1057,519
BRDA:1057,83,0,1
DA:1060,518
DA:1063,517
DA:1064,517
DA:1065,517
DA:1067,517
DA:1068,517
DA:1069,517
DA:1070,517
DA:1071,517
DA:1074,517
DA:1075,517
BRDA:1075,84,0,1
DA:1078,516
DA:1080,516
DA:1082,516
DA:1094,271
FN:1094,PAMM.sellYes
FNDA:271,PAMM.sellYes
DA:1104,271
BRDA:1104,85,0,1
DA:1105,270
BRDA:1105,86,0,1
DA:1106,269
BRDA:1106,87,0,1
DA:1108,268
DA:1109,268
BRDA:1109,88,0,1
DA:1110,267
BRDA:1110,89,0,1
DA:1112,266
DA:1115,265
DA:1116,265
BRDA:1116,90,0,-
DA:1117,265
DA:1118,265
DA:1119,265
DA:1121,265
DA:1122,265
DA:1123,265
DA:1124,265
DA:1125,265
DA:1128,265
DA:1129,265
DA:1132,265
DA:1133,265
DA:1136,265
DA:1137,265
DA:1139,265
DA:1140,265
DA:1143,265
DA:1144,265
DA:1146,265
BRDA:1146,91,0,1
DA:1149,264
BRDA:1149,92,0,1
BRDA:1149,92,1,263
DA:1150,1
DA:1152,263
DA:1156,264
BRDA:1156,93,0,42
DA:1157,42
DA:1159,42
DA:1161,42
DA:1163,264
BRDA:1163,94,0,202
DA:1164,202
DA:1166,202
DA:1168,202
DA:1171,264
DA:1183,267
FN:1183,PAMM.sellNo
FNDA:267,PAMM.sellNo
DA:1193,267
BRDA:1193,95,0,1
DA:1194,266
BRDA:1194,96,0,1
DA:1195,265
BRDA:1195,97,0,1
DA:1197,264
DA:1198,264
BRDA:1198,98,0,1
DA:1199,263
BRDA:1199,99,0,1
DA:1201,262
DA:1202,262
DA:1205,261
DA:1206,261
BRDA:1206,100,0,-
DA:1207,261
DA:1208,261
DA:1210,261
DA:1211,261
DA:1212,261
DA:1213,261
DA:1214,261
DA:1217,261
DA:1218,261
DA:1221,261
DA:1222,261
DA:1225,261
DA:1226,261
DA:1228,261
DA:1229,261
DA:1232,261
DA:1233,261
DA:1235,261
BRDA:1235,101,0,1
DA:1238,260
BRDA:1238,102,0,1
BRDA:1238,102,1,259
DA:1239,1
DA:1241,259
DA:1245,260
BRDA:1245,103,0,202
DA:1246,202
DA:1248,202
DA:1250,202
DA:1252,260
BRDA:1252,104,0,41
DA:1253,41
DA:1255,41
DA:1257,41
DA:1260,260
DA:1271,10
FN:1271,PAMM.sellYesForExactCollateral
FNDA:10,PAMM.sellYesForExactCollateral
DA:1280,10
BRDA:1280,105,0,1
DA:1281,9
BRDA:1281,106,0,1
DA:1282,8
BRDA:1282,107,0,1
DA:1284,7
DA:1285,7
BRDA:1285,108,0,-
DA:1286,7
BRDA:1286,109,0,1
DA:1288,6
DA:1289,6
DA:1290,6
BRDA:1290,110,0,1
DA:1291,5
BRDA:1291,111,0,2
DA:1294,3
DA:1296,3
DA:1297,3
DA:1298,3
DA:1301,3
DA:1303,3
DA:1304,3
DA:1305,3
DA:1306,3
DA:1307,3
DA:1310,3
DA:1311,3
BRDA:1311,112,0,-
DA:1314,3
DA:1315,3
DA:1317,3
DA:1318,3
DA:1321,3
DA:1324,3
BRDA:1324,113,0,1
BRDA:1324,113,1,2
DA:1325,1
DA:1327,2
DA:1331,3
DA:1332,3
BRDA:1332,114,0,3
DA:1333,3
DA:1335,3
DA:1337,3
DA:1340,3
DA:1351,9
FN:1351,PAMM.sellNoForExactCollateral
FNDA:9,PAMM.sellNoForExactCollateral
DA:1360,9
BRDA:1360,115,0,1
DA:1361,8
BRDA:1361,116,0,1
DA:1362,7
BRDA:1362,117,0,1
DA:1364,6
DA:1365,6
BRDA:1365,118,0,-
DA:1366,6
BRDA:1366,119,0,1
DA:1368,5
DA:1369,5
DA:1370,5
BRDA:1370,120,0,1
DA:1371,4
BRDA:1371,121,0,2
DA:1374,2
DA:1376,2
DA:1377,2
DA:1378,2
DA:1381,2
DA:1383,2
DA:1384,2
DA:1385,2
DA:1386,2
DA:1389,2
DA:1390,2
BRDA:1390,122,0,-
DA:1393,2
DA:1394,2
DA:1396,2
DA:1397,2
DA:1400,2
DA:1403,2
BRDA:1403,123,0,1
BRDA:1403,123,1,1
DA:1404,1
DA:1406,1
DA:1410,2
DA:1411,2
BRDA:1411,124,0,2
DA:1412,2
DA:1414,2
DA:1416,2
DA:1419,2
DA:1427,5
FN:1427,PAMM.marketCount
FNDA:5,PAMM.marketCount
DA:1428,5
DA:1432,6
FN:1432,PAMM.collateralPerShare
FNDA:6,PAMM.collateralPerShare
DA:1433,6
DA:1434,6
BRDA:1434,125,0,1
DA:1435,5
DA:1439,4
FN:1439,PAMM.tradingOpen
FNDA:4,PAMM.tradingOpen
DA:1440,4
DA:1441,4
DA:1445,5
FN:1445,PAMM.winningId
FNDA:5,PAMM.winningId
DA:1446,5
DA:1447,5
BRDA:1447,126,0,1
DA:1448,4
DA:1452,279
FN:1452,PAMM.getMarket
FNDA:279,PAMM.getMarket
DA:1469,279
DA:1470,279
BRDA:1470,127,0,-
DA:1471,279
DA:1472,279
DA:1473,279
DA:1474,279
DA:1475,279
DA:1476,279
DA:1477,279
DA:1478,279
DA:1479,279
DA:1480,279
DA:1481,279
DA:1485,6
FN:1485,PAMM.getPoolState
FNDA:6,PAMM.getPoolState
DA:1490,6
DA:1491,6
DA:1493,6
DA:1495,6
DA:1496,6
DA:1497,6
DA:1501,8
FN:1501,PAMM.getMarkets
FNDA:8,PAMM.getMarkets
DA:1518,8
DA:1519,8
BRDA:1519,128,0,2
DA:1520,2
DA:1535,6
DA:1536,6
BRDA:1536,129,0,5
DA:1537,6
DA:1539,6
DA:1540,6
DA:1541,6
DA:1542,6
DA:1543,6
DA:1544,6
DA:1545,6
DA:1546,6
DA:1547,6
DA:1548,6
DA:1550,6
DA:1551,9
DA:1552,9
DA:1554,9
DA:1555,9
DA:1556,9
DA:1557,9
DA:1558,9
DA:1559,9
DA:1560,9
DA:1561,9
DA:1562,9
DA:1563,9
DA:1566,6
DA:1570,5
FN:1570,PAMM.getUserPositions
FNDA:5,PAMM.getUserPositions
DA:1585,5
DA:1586,5
BRDA:1586,130,0,1
DA:1587,1
DA:1600,4
DA:1601,4
BRDA:1601,131,0,4
DA:1602,4
DA:1604,4
DA:1605,4
DA:1606,4
DA:1607,4
DA:1608,4
DA:1609,4
DA:1610,4
DA:1611,4
DA:1613,4
DA:1614,4
DA:1615,4
DA:1616,4
DA:1618,4
DA:1619,4
DA:1620,4
DA:1622,4
DA:1623,4
DA:1624,4
DA:1625,4
DA:1627,4
DA:1628,4
DA:1629,4
DA:1631,2
BRDA:1631,132,0,2
DA:1632,2
DA:1633,2
DA:1634,2
DA:1638,4
FNF:49
FNH:49
LF:616
LH:565
BRF:146
BRH:125
end_of_record
TN:
SF:src/PM.sol
DA:19,1
FN:19,ERC6909.transfer
FNDA:1,ERC6909.transfer
DA:20,1
DA:21,1
DA:22,1
DA:23,0
DA:26,7
FN:26,ERC6909.transferFrom
FNDA:7,ERC6909.transferFrom
DA:31,7
BRDA:31,0,0,5
DA:32,5
DA:33,5
BRDA:33,1,0,3
DA:35,6
DA:36,6
DA:37,7
DA:38,0
DA:41,2
FN:41,ERC6909.approve
FNDA:2,ERC6909.approve
DA:42,2
DA:43,2
DA:44,2
DA:47,3
FN:47,ERC6909.setOperator
FNDA:3,ERC6909.setOperator
DA:48,3
DA:49,3
DA:50,3
DA:53,0
FN:53,ERC6909.supportsInterface
FNDA:0,ERC6909.supportsInterface
DA:54,0
DA:57,57
FN:57,ERC6909._mint
FNDA:57,ERC6909._mint
DA:58,57
DA:59,57
DA:62,24
FN:62,ERC6909._burn
FNDA:24,ERC6909._burn
DA:63,24
DA:64,23
DA:126,124
FN:126,PM.getMarketId
FNDA:124,PM.getMarketId
DA:131,124
DA:134,237
FN:134,PM.getNoId
FNDA:237,PM.getNoId
DA:135,237
DA:138,0
FN:138,PM.name
FNDA:0,PM.name
DA:139,0
DA:142,0
FN:142,PM.symbol
FNDA:0,PM.symbol
DA:143,0
DA:146,0
FN:146,PM._toString
FNDA:0,PM._toString
DA:148,0
DA:149,0
DA:150,0
DA:151,0
DA:152,0
DA:153,0
DA:154,0
DA:155,0
DA:156,0
DA:157,0
BRDA:157,2,0,-
DA:159,0
DA:160,0
DA:161,0
DA:165,77
FN:165,PM.createMarket
FNDA:77,PM.createMarket
DA:171,77
BRDA:171,3,0,-
BRDA:171,3,1,-
DA:172,77
BRDA:172,4,0,-
BRDA:172,4,1,-
DA:174,76
DA:175,76
DA:177,76
BRDA:177,5,0,-
BRDA:177,5,1,-
DA:179,76
DA:189,75
DA:191,77
DA:194,12
FN:194,PM.closeMarket
FNDA:12,PM.closeMarket
DA:195,12
DA:196,12
BRDA:196,6,0,-
BRDA:196,6,1,-
DA:197,12
BRDA:197,7,0,-
BRDA:197,7,1,-
DA:198,11
BRDA:198,8,0,-
BRDA:198,8,1,-
DA:199,10
BRDA:199,9,0,-
BRDA:199,9,1,-
DA:200,9
BRDA:200,10,0,-
BRDA:200,10,1,-
DA:202,12
DA:204,12
DA:207,39
FN:207,PM.buyYes
FNDA:39,PM.buyYes
DA:213,39
DA:214,39
BRDA:214,11,0,-
BRDA:214,11,1,-
DA:215,38
BRDA:215,12,0,-
BRDA:215,12,1,-
DA:216,38
BRDA:216,13,0,-
BRDA:216,13,1,-
DA:218,34
BRDA:218,14,0,32
BRDA:218,14,1,-
DA:219,32
DA:221,2
DA:222,2
DA:225,34
BRDA:225,15,0,-
BRDA:225,15,1,-
DA:227,33
DA:228,33
DA:229,32
DA:231,32
DA:234,27
FN:234,PM.buyNo
FNDA:27,PM.buyNo
DA:240,27
DA:241,27
BRDA:241,16,0,-
BRDA:241,16,1,-
DA:242,27
BRDA:242,17,0,-
BRDA:242,17,1,-
DA:243,27
BRDA:243,18,0,-
BRDA:243,18,1,-
DA:245,24
BRDA:245,19,0,22
BRDA:245,19,1,-
DA:246,22
DA:248,2
DA:249,2
DA:252,24
BRDA:252,20,0,-
BRDA:252,20,1,-
DA:254,22
DA:255,24
DA:256,24
DA:257,22
DA:259,22
DA:262,7
FN:262,PM.sellYes
FNDA:7,PM.sellYes
DA:263,7
BRDA:263,21,0,-
BRDA:263,21,1,-
DA:264,7
DA:265,7
BRDA:265,22,0,-
BRDA:265,22,1,-
DA:266,7
BRDA:266,23,0,-
BRDA:266,23,1,-
DA:267,7
BRDA:267,24,0,-
BRDA:267,24,1,-
DA:269,4
DA:270,3
DA:272,7
DA:273,3
DA:275,3
DA:278,5
FN:278,PM.sellNo
FNDA:5,PM.sellNo
DA:279,5
BRDA:279,25,0,-
BRDA:279,25,1,-
DA:280,5
DA:281,5
BRDA:281,26,0,-
BRDA:281,26,1,-
DA:282,5
BRDA:282,27,0,-
BRDA:282,27,1,-
DA:283,5
BRDA:283,28,0,-
BRDA:283,28,1,-
DA:285,5
DA:286,1
DA:287,1
DA:289,5
DA:290,1
DA:292,1
DA:295,24
FN:295,PM.resolve
FNDA:24,PM.resolve
DA:296,24
DA:297,24
BRDA:297,29,0,-
BRDA:297,29,1,-
DA:298,23
BRDA:298,30,0,-
BRDA:298,30,1,-
DA:299,23
BRDA:299,31,0,-
BRDA:299,31,1,-
DA:300,23
BRDA:300,32,0,-
BRDA:300,32,1,-
DA:302,22
DA:303,22
DA:305,22
BRDA:305,33,0,8
DA:306,8
DA:307,8
DA:308,8
DA:309,8
DA:310,8
DA:313,14
DA:314,14
BRDA:314,34,0,3
DA:315,3
DA:316,3
BRDA:316,35,0,3
DA:317,3
DA:318,3
DA:322,14
DA:323,14
DA:325,14
DA:326,14
DA:328,14
DA:337,6
FN:337,PM.setResolverFeeBps
FNDA:6,PM.setResolverFeeBps
DA:338,6
BRDA:338,36,0,-
BRDA:338,36,1,-
DA:339,5
DA:340,5
DA:343,22
FN:343,PM.claim
FNDA:22,PM.claim
DA:344,22
DA:345,22
BRDA:345,37,0,-
BRDA:345,37,1,-
DA:347,0
DA:348,22
DA:349,22
DA:351,22
DA:353,22
BRDA:353,38,0,9
BRDA:353,38,1,1
DA:354,9
DA:355,9
DA:356,9
BRDA:356,39,0,2
DA:357,7
DA:359,0
BRDA:359,40,0,1
DA:362,19
DA:363,19
DA:365,19
DA:366,19
DA:368,7
DA:369,19
DA:371,19
DA:374,4
FN:374,PM.marketCount
FNDA:4,PM.marketCount
DA:375,4
DA:378,33
FN:378,PM.getMarket
FNDA:33,PM.getMarket
DA:392,33
DA:393,33
DA:405,2
FN:405,PM.getMarkets
FNDA:2,PM.getMarkets
DA:421,2
DA:422,2
BRDA:422,41,0,-
DA:423,0
DA:437,2
DA:438,2
BRDA:438,42,0,-
DA:439,2
DA:441,2
DA:442,2
DA:443,2
DA:444,2
DA:445,2
DA:446,2
DA:447,2
DA:448,2
DA:449,2
DA:450,2
DA:452,2
DA:453,4
DA:454,4
DA:456,4
DA:457,4
DA:458,4
DA:459,4
DA:460,4
DA:461,4
DA:462,4
DA:463,4
DA:464,4
DA:467,2
DA:470,2
FN:470,PM.getUserMarkets
FNDA:2,PM.getUserMarkets
DA:484,2
DA:485,2
BRDA:485,43,0,-
DA:486,0
DA:498,2
DA:499,2
BRDA:499,44,0,-
DA:500,2
DA:502,2
DA:503,2
DA:504,2
DA:505,2
DA:506,2
DA:507,2
DA:508,2
DA:509,2
DA:510,2
DA:511,2
DA:512,2
DA:513,2
DA:514,2
DA:516,2
DA:517,4
DA:518,4
DA:519,4
DA:520,4
DA:522,4
DA:523,4
DA:525,4
DA:526,4
DA:527,4
DA:528,4
DA:530,4
DA:531,4
DA:532,4
DA:534,0
BRDA:534,45,0,-
DA:535,0
DA:536,0
BRDA:536,46,0,-
BRDA:536,46,1,-
DA:537,0
DA:539,0
DA:540,0
DA:545,2
DA:548,0
FN:548,PM.tradingOpen
FNDA:0,PM.tradingOpen
DA:549,0
DA:550,0
DA:553,0
FN:553,PM.impliedYesOdds
FNDA:0,PM.impliedYesOdds
DA:558,0
DA:559,0
DA:560,0
DA:563,5
FN:563,PM.winningId
FNDA:5,PM.winningId
DA:564,5
DA:565,5
BRDA:565,47,0,-
DA:566,5
BRDA:566,48,0,1
DA:567,4
BRDA:567,49,0,1
DA:568,3
DA:575,5
FN:575,PM.nonReentrant
FNDA:5,PM.nonReentrant
DA:577,0
BRDA:577,50,0,-
DA:578,0
DA:579,0
DA:581,0
DA:585,0
FNF:29
FNH:23
LF:265
LH:221
BRF:85
BRH:13
end_of_record
TN:
SF:test/PAMM.t.sol
DA:16,1832
FN:16,MockERC20.mint.0
FNDA:1832,MockERC20.mint.0
DA:17,1832
DA:20,552
FN:20,MockERC20.approve.0
FNDA:552,MockERC20.approve.0
DA:21,552
DA:22,552
DA:25,3885
FN:25,MockERC20.transfer.0
FNDA:3885,MockERC20.transfer.0
DA:26,3885
DA:27,3885
DA:28,3885
DA:31,3777
FN:31,MockERC20.transferFrom.0
FNDA:3777,MockERC20.transferFrom.0
DA:32,3777
BRDA:32,0,0,3777
DA:33,3777
DA:34,3777
BRDA:34,1,0,-
DA:35,0
DA:38,3777
DA:39,3777
DA:40,3777
DA:53,261
FN:53,MockUSDC.mint.1
FNDA:261,MockUSDC.mint.1
DA:54,261
DA:57,261
FN:57,MockUSDC.approve.1
FNDA:261,MockUSDC.approve.1
DA:58,261
DA:59,261
DA:62,247
FN:62,MockUSDC.transfer.1
FNDA:247,MockUSDC.transfer.1
DA:63,247
DA:64,247
DA:65,247
DA:68,261
FN:68,MockUSDC.transferFrom.1
FNDA:261,MockUSDC.transferFrom.1
DA:69,261
BRDA:69,2,0,261
DA:70,261
DA:71,261
BRDA:71,3,0,-
DA:72,0
DA:75,261
DA:76,261
DA:77,261
DA:90,1
FN:90,MockWBTC.mint.2
FNDA:1,MockWBTC.mint.2
DA:91,1
DA:94,1
FN:94,MockWBTC.approve.2
FNDA:1,MockWBTC.approve.2
DA:95,1
DA:96,1
DA:99,0
FN:99,MockWBTC.transfer.2
FNDA:0,MockWBTC.transfer.2
DA:100,0
DA:101,0
DA:102,0
DA:105,1
FN:105,MockWBTC.transferFrom.2
FNDA:1,MockWBTC.transferFrom.2
DA:106,1
BRDA:106,4,0,1
DA:107,1
DA:108,1
BRDA:108,5,0,-
DA:109,0
DA:112,1
DA:113,1
DA:114,1
DA:120,1
FN:120,ETHRejecter.receive.0
FNDA:1,ETHRejecter.receive.0
DA:121,1
DA:140,14
FN:140,MockERC20Permit.constructor.0
FNDA:14,MockERC20Permit.constructor.0
DA:141,14
DA:154,28
FN:154,MockERC20Permit.mint.3
FNDA:28,MockERC20Permit.mint.3
DA:155,28
DA:158,0
FN:158,MockERC20Permit.approve.3
FNDA:0,MockERC20Permit.approve.3
DA:159,0
DA:160,0
DA:163,0
FN:163,MockERC20Permit.transfer.3
FNDA:0,MockERC20Permit.transfer.3
DA:164,0
DA:165,0
DA:166,0
DA:169,2
FN:169,MockERC20Permit.transferFrom.3
FNDA:2,MockERC20Permit.transferFrom.3
DA:170,2
BRDA:170,6,0,2
DA:171,2
DA:172,2
BRDA:172,7,0,2
DA:173,2
DA:176,2
DA:177,2
DA:178,2
DA:181,7
FN:181,MockERC20Permit.permit.0
FNDA:7,MockERC20Permit.permit.0
DA:190,7
BRDA:190,8,0,-
BRDA:190,8,1,-
DA:192,7
DA:202,7
DA:203,6
BRDA:203,9,0,6
BRDA:203,9,1,6
DA:205,6
DA:224,14
FN:224,MockDAI.constructor.1
FNDA:14,MockDAI.constructor.1
DA:225,14
DA:238,28
FN:238,MockDAI.mint.4
FNDA:28,MockDAI.mint.4
DA:239,28
DA:242,0
FN:242,MockDAI.approve.4
FNDA:0,MockDAI.approve.4
DA:243,0
DA:244,0
DA:247,0
FN:247,MockDAI.transfer.4
FNDA:0,MockDAI.transfer.4
DA:248,0
DA:249,0
DA:250,0
DA:253,2
FN:253,MockDAI.transferFrom.4
FNDA:2,MockDAI.transferFrom.4
DA:254,2
BRDA:254,10,0,2
DA:255,2
DA:256,2
BRDA:256,11,0,-
DA:257,0
DA:260,2
DA:261,2
DA:262,2
DA:265,9
FN:265,MockDAI.permit.1
FNDA:9,MockDAI.permit.1
DA:275,9
BRDA:275,12,0,9
BRDA:275,12,1,8
DA:276,8
BRDA:276,13,0,-
BRDA:276,13,1,-
DA:278,9
DA:286,9
DA:287,7
BRDA:287,14,0,7
BRDA:287,14,1,7
DA:289,7
DA:2768,1
FN:2768,ReentrantClaimAttacker.constructor.2
FNDA:1,ReentrantClaimAttacker.constructor.2
DA:2769,1
DA:2770,1
DA:2773,1
FN:2773,ReentrantClaimAttacker.doSplit
FNDA:1,ReentrantClaimAttacker.doSplit
DA:2774,1
DA:2777,1
FN:2777,ReentrantClaimAttacker.doClaim
FNDA:1,ReentrantClaimAttacker.doClaim
DA:2778,1
DA:2781,1
FN:2781,ReentrantClaimAttacker.receive.1
FNDA:1,ReentrantClaimAttacker.receive.1
DA:2782,1
BRDA:2782,23,0,1
DA:2783,1
DA:2785,1
FNF:29
FNH:24
LF:115
LH:93
BRF:21
BRH:13
end_of_record
TN:
SF:test/PM.t.sol
DA:1196,1
FN:1196,ForceSend.boom
FNDA:1,ForceSend.boom
DA:1197,1
FNF:1
FNH:1
LF:2
LH:2
BRF:0
BRH:0
end_of_record
